2016-09-29 13:15:40,342 [Thread-3:140062396303104] [blog.views:81] [views:archive] [ERROR]- unsupported operand type(s) for +: 'NoneType' and 'str'
2016-09-29 13:15:40,462 [Thread-4:140062396303104] [blog.views:81] [views:archive] [ERROR]- unsupported operand type(s) for +: 'NoneType' and 'str'
2016-09-29 13:16:19,273 [Thread-7:140062396303104] [blog.views:264] [views:do_login] [ERROR]- Reverse for '' with arguments '()' and keyword arguments '{}' not found. 0 pattern(s) tried: []
2016-09-29 13:16:37,243 [Thread-9:140062396303104] [blog.views:264] [views:do_login] [ERROR]- Reverse for '' with arguments '()' and keyword arguments '{}' not found. 0 pattern(s) tried: []
2016-09-29 13:35:05,270 [Thread-31:139684730722048] [blog.views:264] [views:do_login] [ERROR]- Reverse for '' with arguments '()' and keyword arguments '{}' not found. 0 pattern(s) tried: []
2016-11-03 11:17:48,111 [Thread-86:139834157594368] [blog.views:81] [views:archive] [ERROR]- getPage() takes exactly 2 arguments (1 given)
2016-11-03 11:17:48,197 [Thread-87:139834157594368] [blog.views:81] [views:archive] [ERROR]- unsupported operand type(s) for +: 'NoneType' and 'str'
2016-11-03 11:17:53,677 [Thread-88:139834157594368] [blog.views:94] [views:tag] [ERROR]- get() returned more than one Tag -- it returned 3!
2016-11-03 11:17:53,762 [Thread-89:139834157594368] [blog.views:94] [views:tag] [ERROR]- Tag matching query does not exist.
2016-11-03 11:17:54,931 [Thread-90:139834157594368] [blog.views:94] [views:tag] [ERROR]- get() returned more than one Tag -- it returned 3!
2016-11-03 11:17:55,024 [Thread-91:139834157594368] [blog.views:94] [views:tag] [ERROR]- Tag matching query does not exist.
2016-11-03 11:24:40,087 [Thread-26:139702731011840] [blog.views:94] [views:tag] [ERROR]- getPage() takes exactly 2 arguments (1 given)
2016-11-03 11:24:40,211 [Thread-27:139702731011840] [blog.views:94] [views:tag] [ERROR]- Tag matching query does not exist.
2016-11-03 11:24:41,894 [Thread-28:139702731011840] [blog.views:94] [views:tag] [ERROR]- getPage() takes exactly 2 arguments (1 given)
2016-11-03 11:24:41,979 [Thread-29:139702731011840] [blog.views:94] [views:tag] [ERROR]- Tag matching query does not exist.
2016-11-03 11:26:45,057 [Thread-84:139702703212288] [blog.views:81] [views:archive] [ERROR]- getPage() takes exactly 2 arguments (1 given)
2016-11-03 11:26:45,150 [Thread-85:139702703212288] [blog.views:81] [views:archive] [ERROR]- unsupported operand type(s) for +: 'NoneType' and 'str'
2016-11-03 13:41:50,179 [Thread-83:139986003293952] [blog.views:264] [views:do_login] [ERROR]- Reverse for '' with arguments '()' and keyword arguments '{}' not found. 0 pattern(s) tried: []
2016-11-03 13:47:24,869 [Thread-87:139986003293952] [blog.views:232] [views:do_reg] [ERROR]- Reverse for '' with arguments '()' and keyword arguments '{}' not found. 0 pattern(s) tried: []
2016-11-03 13:47:45,706 [Thread-89:139986003293952] [blog.views:264] [views:do_login] [ERROR]- Reverse for '' with arguments '()' and keyword arguments '{}' not found. 0 pattern(s) tried: []
2016-11-03 13:50:48,175 [Thread-137:139986003293952] [blog.views:81] [views:archive] [ERROR]- getPage() takes exactly 2 arguments (1 given)
2016-11-03 13:50:48,276 [Thread-138:139986003293952] [blog.views:81] [views:archive] [ERROR]- unsupported operand type(s) for +: 'NoneType' and 'str'
2016-11-03 13:50:50,673 [Thread-139:139986003293952] [blog.views:81] [views:archive] [ERROR]- getPage() takes exactly 2 arguments (1 given)
2016-11-03 13:50:50,759 [Thread-140:139986003293952] [blog.views:81] [views:archive] [ERROR]- unsupported operand type(s) for +: 'NoneType' and 'str'
2016-11-03 15:14:47,951 [Thread-110:140501250172672] [blog.views:81] [views:archive] [ERROR]- getPage() takes exactly 2 arguments (1 given)
2016-11-03 15:14:48,052 [Thread-111:140501250172672] [blog.views:81] [views:archive] [ERROR]- unsupported operand type(s) for +: 'NoneType' and 'str'
2016-11-03 15:17:38,396 [Thread-122:140501250172672] [blog.views:94] [views:tag] [ERROR]- getPage() takes exactly 2 arguments (1 given)
2016-11-03 15:17:38,498 [Thread-123:140501250172672] [blog.views:94] [views:tag] [ERROR]- Tag matching query does not exist.
2016-11-03 15:17:40,900 [Thread-124:140501250172672] [blog.views:94] [views:tag] [ERROR]- getPage() takes exactly 2 arguments (1 given)
2016-11-03 15:17:40,989 [Thread-125:140501250172672] [blog.views:94] [views:tag] [ERROR]- Tag matching query does not exist.
2016-11-03 15:17:42,719 [Thread-126:140501250172672] [blog.views:94] [views:tag] [ERROR]- getPage() takes exactly 2 arguments (1 given)
2016-11-03 15:17:42,808 [Thread-127:140501250172672] [blog.views:94] [views:tag] [ERROR]- Tag matching query does not exist.
2016-11-03 15:17:45,789 [Thread-129:140501250172672] [blog.views:94] [views:tag] [ERROR]- getPage() takes exactly 2 arguments (1 given)
2016-11-03 15:17:45,935 [Thread-130:140501250172672] [blog.views:94] [views:tag] [ERROR]- Tag matching query does not exist.
2016-11-03 15:50:11,150 [Thread-157:140501230503680] [blog.views:94] [views:tag] [ERROR]- getPage() takes exactly 2 arguments (1 given)
2016-11-03 15:50:11,237 [Thread-158:140501230503680] [blog.views:94] [views:tag] [ERROR]- Tag matching query does not exist.
2016-11-03 15:52:29,528 [Thread-161:140501230503680] [blog.views:94] [views:tag] [ERROR]- getPage() takes exactly 2 arguments (1 given)
2016-11-03 15:52:29,610 [Thread-162:140501230503680] [blog.views:94] [views:tag] [ERROR]- Tag matching query does not exist.
2016-11-03 15:58:12,683 [Thread-226:140501238896384] [blog.views:94] [views:tag] [ERROR]- getPage() takes exactly 2 arguments (1 given)
2016-11-03 15:58:12,796 [Thread-227:140501238896384] [blog.views:94] [views:tag] [ERROR]- Tag matching query does not exist.
2016-11-03 16:20:26,519 [Thread-5:139914733680384] [blog.views:282] [views:category] [ERROR]- 'Category' object has no attribute 'Category'
2016-11-03 16:37:39,989 [Thread-6:140067303323392] [blog.views:94] [views:tag] [ERROR]- getPage() takes exactly 2 arguments (1 given)
2016-11-04 10:30:45,602 [Thread-23:139916488529664] [blog.views:94] [views:tag] [ERROR]- getPage() takes exactly 2 arguments (1 given)
2016-11-04 13:20:50,990 [Thread-385:140066592646912] [blog.views:88] [views:tag] [ERROR]- getPage() takes exactly 2 arguments (1 given)
2016-11-04 13:21:01,827 [Thread-469:140066584254208] [blog.views:88] [views:tag] [ERROR]- getPage() takes exactly 2 arguments (1 given)
2016-11-04 13:21:04,943 [Thread-472:140066584254208] [blog.views:88] [views:tag] [ERROR]- getPage() takes exactly 2 arguments (1 given)
2016-11-04 13:21:08,340 [Thread-541:140066022205184] [blog.views:88] [views:tag] [ERROR]- getPage() takes exactly 2 arguments (1 given)
2016-11-04 13:21:12,193 [Thread-559:140066584254208] [blog.views:88] [views:tag] [ERROR]- getPage() takes exactly 2 arguments (1 given)
2016-11-04 13:21:15,472 [Thread-573:140064990426880] [blog.views:88] [views:tag] [ERROR]- Tag matching query does not exist.
2016-11-04 13:22:18,475 [Thread-705:140065510512384] [blog.views:221] [views:do_reg] [ERROR]- Reverse for '' with arguments '()' and keyword arguments '{}' not found. 0 pattern(s) tried: []
2016-11-04 13:23:51,790 [Thread-722:140066047383296] [blog.views:253] [views:do_login] [ERROR]- Reverse for '' with arguments '()' and keyword arguments '{}' not found. 0 pattern(s) tried: []
2016-11-04 13:24:27,328 [Thread-729:140066559076096] [blog.views:253] [views:do_login] [ERROR]- Reverse for '' with arguments '()' and keyword arguments '{}' not found. 0 pattern(s) tried: []
2016-11-04 13:29:31,515 [Thread-768:140066567468800] [blog.views:75] [views:archive] [ERROR]- getPage() takes exactly 2 arguments (1 given)
2016-11-04 13:29:42,354 [Thread-770:140066567468800] [blog.views:75] [views:archive] [ERROR]- getPage() takes exactly 2 arguments (1 given)
2016-11-04 13:30:34,769 [Thread-771:140066567468800] [blog.views:88] [views:tag] [ERROR]- getPage() takes exactly 2 arguments (1 given)
2016-11-04 13:30:39,785 [Thread-772:140066567468800] [blog.views:88] [views:tag] [ERROR]- getPage() takes exactly 2 arguments (1 given)
2017-10-30 17:46:01,206 [Thread-78:85780] [blog.views:88] [views:tag] [ERROR]- getPage() takes exactly 2 arguments (1 given)
2017-10-30 17:46:07,124 [Thread-79:85608] [blog.views:75] [views:archive] [ERROR]- getPage() takes exactly 2 arguments (1 given)
2017-11-02 22:15:36,313 [Thread-8:216772] [blog.views:88] [views:tag] [ERROR]- Tag matching query does not exist.
2017-11-02 22:15:38,989 [Thread-9:212108] [blog.views:88] [views:tag] [ERROR]- getPage() takes exactly 2 arguments (1 given)
2017-11-02 22:15:41,523 [Thread-10:214700] [blog.views:88] [views:tag] [ERROR]- getPage() takes exactly 2 arguments (1 given)
2017-11-02 22:15:43,900 [Thread-11:112704] [blog.views:88] [views:tag] [ERROR]- getPage() takes exactly 2 arguments (1 given)
2017-11-02 22:15:46,010 [Thread-12:212012] [blog.views:88] [views:tag] [ERROR]- getPage() takes exactly 2 arguments (1 given)
2017-11-02 23:15:51,667 [Thread-22:128188] [blog.views:88] [views:tag] [ERROR]- getPage() takes exactly 2 arguments (1 given)
2017-11-02 23:15:55,572 [Thread-23:120408] [blog.views:88] [views:tag] [ERROR]- getPage() takes exactly 2 arguments (1 given)
2017-11-02 23:15:58,571 [Thread-24:120552] [blog.views:88] [views:tag] [ERROR]- getPage() takes exactly 2 arguments (1 given)
2017-11-02 23:16:19,197 [Thread-28:88996] [blog.views:88] [views:tag] [ERROR]- getPage() takes exactly 2 arguments (1 given)
2017-11-02 23:20:14,477 [Thread-2:79572] [blog.views:88] [views:tag] [ERROR]- getPage() takes exactly 2 arguments (1 given)
2017-11-02 23:20:19,677 [Thread-9:125372] [blog.views:88] [views:tag] [ERROR]- getPage() takes exactly 2 arguments (1 given)
2017-11-02 23:21:04,275 [Thread-17:129104] [blog.views:88] [views:tag] [ERROR]- getPage() takes exactly 2 arguments (1 given)
2017-11-02 23:21:17,961 [Thread-21:131068] [blog.views:88] [views:tag] [ERROR]- getPage() takes exactly 2 arguments (1 given)
2017-11-02 23:24:17,963 [Thread-9:132488] [blog.views:88] [views:tag] [ERROR]- getPage() takes exactly 2 arguments (1 given)
2017-11-02 23:41:49,611 [Thread-27:124828] [blog.views:88] [views:tag] [ERROR]- getPage() takes exactly 2 arguments (1 given)
2017-11-02 23:41:56,625 [Thread-29:139496] [blog.views:88] [views:tag] [ERROR]- getPage() takes exactly 2 arguments (1 given)
2017-11-02 23:42:52,881 [Thread-4:144728] [blog.views:88] [views:tag] [ERROR]- getPage() takes exactly 2 arguments (1 given)
2017-11-02 23:43:27,842 [Thread-5:141888] [blog.views:88] [views:tag] [ERROR]- getPage() takes exactly 2 arguments (1 given)
2017-11-03 01:26:49,595 [Thread-38:140144595461888] [blog.views:88] [views:tag] [ERROR]- getPage() takes exactly 2 arguments (1 given)
2017-11-03 01:27:18,893 [Thread-58:140144464074496] [blog.views:88] [views:tag] [ERROR]- getPage() takes exactly 2 arguments (1 given)
2017-11-03 01:27:22,029 [Thread-59:140144464074496] [blog.views:88] [views:tag] [ERROR]- getPage() takes exactly 2 arguments (1 given)
2017-11-03 01:27:23,916 [Thread-60:140144464074496] [blog.views:88] [views:tag] [ERROR]- getPage() takes exactly 2 arguments (1 given)
2017-11-03 01:27:33,702 [Thread-62:140144464074496] [blog.views:88] [views:tag] [ERROR]- getPage() takes exactly 2 arguments (1 given)
2017-11-03 01:27:51,055 [Thread-77:140144595461888] [blog.views:88] [views:tag] [ERROR]- getPage() takes exactly 2 arguments (1 given)
2017-11-03 01:28:05,004 [Thread-79:140144464074496] [blog.views:88] [views:tag] [ERROR]- getPage() takes exactly 2 arguments (1 given)
2017-11-03 01:28:05,066 [Thread-80:140144514430720] [blog.views:88] [views:tag] [ERROR]- getPage() takes exactly 2 arguments (1 given)
2017-11-03 01:28:22,046 [Thread-97:140144514430720] [blog.views:88] [views:tag] [ERROR]- getPage() takes exactly 2 arguments (1 given)
2018-09-15 17:10:20,205 [Thread-47:53736] [blog.views:152] [views:article] [ERROR]- 'bool' object is not callable
2018-09-15 17:10:56,758 [Thread-54:44816] [blog.views:152] [views:article] [ERROR]- 'bool' object is not callable
2018-09-15 17:11:21,199 [Thread-62:53528] [blog.views:152] [views:article] [ERROR]- 'bool' object is not callable
2018-09-15 17:11:29,134 [Thread-63:53488] [blog.views:152] [views:article] [ERROR]- 'bool' object is not callable
2018-09-15 17:13:46,721 [Thread-73:52472] [blog.views:91] [views:tag] [ERROR]- getPage() missing 1 required positional argument: 'article_list'
2018-09-15 17:14:04,806 [Thread-74:50976] [blog.views:152] [views:article] [ERROR]- 'bool' object is not callable
2018-09-15 17:14:08,360 [Thread-75:53656] [blog.views:152] [views:article] [ERROR]- 'bool' object is not callable
2018-09-15 17:22:07,740 [Thread-147:55220] [blog.views:152] [views:article] [ERROR]- 'bool' object is not callable
2018-09-15 17:23:41,974 [Thread-160:52512] [blog.views:152] [views:article] [ERROR]- 'bool' object is not callable
2018-09-15 17:34:50,969 [Thread-40:48492] [blog.views:152] [views:article] [ERROR]- 'bool' object is not callable
2018-09-15 17:34:50,973 [Thread-41:47420] [blog.views:152] [views:article] [ERROR]- 'bool' object is not callable
2018-09-15 17:37:58,070 [Thread-70:44644] [blog.views:91] [views:tag] [ERROR]- getPage() missing 1 required positional argument: 'article_list'
